<?xml version="1.0" encoding="UTF-8"?>
<!-- Generated by org.testng.reporters.JUnitReportReporter -->
<testsuite hostname="WINDOWS-OTH3PAT" name="tests.RegistrarUsuarioDriverTest" tests="6" failures="0" timestamp="31 May 2018 07:32:31 GMT" time="45.259" errors="0">
  <testcase name="registrarUsuario" time="9.994" classname="tests.RegistrarUsuarioDriverTest"/>
  <testcase name="registrarUsuario" time="7.071" classname="tests.RegistrarUsuarioDriverTest"/>
  <testcase name="registrarUsuario" time="7.067" classname="tests.RegistrarUsuarioDriverTest"/>
  <testcase name="registrarUsuario" time="7.039" classname="tests.RegistrarUsuarioDriverTest"/>
  <testcase name="registrarUsuario" time="7.066" classname="tests.RegistrarUsuarioDriverTest"/>
  <testcase name="registrarUsuario" time="7.022" classname="tests.RegistrarUsuarioDriverTest"/>
</testsuite> <!-- tests.RegistrarUsuarioDriverTest -->
